<?xml version="1.0" encoding="UTF-8"?>
<testng-results skipped="0" failed="0" ignored="0" total="0" passed="0">
  <reporter-output>
  </reporter-output>
  <suite name="UPSLogin.UPSLoginTest" duration-ms="5" started-at="2020-11-29T07:28:13Z" finished-at="2020-11-29T07:28:13Z">
    <groups>
    </groups>
    <test name="Command line test" duration-ms="5" started-at="2020-11-29T07:28:13Z" finished-at="2020-11-29T07:28:13Z">
    </test> <!-- Command line test -->
  </suite> <!-- UPSLogin.UPSLoginTest -->
</testng-results>
